TN:
SF:src/modules/appointments/services/CreateAppointmentService.ts
FN:17,(anonymous_5)
FN:22,(anonymous_6)
FNF:2
FNH:2
FNDA:2,(anonymous_5)
FNDA:3,(anonymous_6)
DA:2,1
DA:3,1
DA:5,1
DA:16,1
DA:19,2
DA:23,3
DA:25,3
DA:29,3
DA:30,1
DA:33,2
DA:38,2
DA:42,1
LF:12
LH:12
BRDA:29,0,0,1
BRDA:29,0,1,2
BRF:2
BRH:2
end_of_record
TN:
SF:src/modules/users/services/AuthenticateUserService.ts
FN:24,(anonymous_5)
FN:32,(anonymous_6)
FNF:2
FNH:2
FNDA:3,(anonymous_5)
FNDA:3,(anonymous_6)
DA:1,1
DA:2,1
DA:4,1
DA:6,1
DA:23,1
DA:26,3
DA:29,3
DA:33,3
DA:35,3
DA:36,1
DA:39,2
DA:44,2
DA:45,1
DA:48,1
DA:50,1
DA:55,1
DA:59,1
LF:17
LH:17
BRDA:35,0,0,1
BRDA:35,0,1,2
BRDA:44,1,0,1
BRDA:44,1,1,1
BRF:4
BRH:4
end_of_record
TN:
SF:src/modules/users/services/CreateUserService.ts
FN:18,(anonymous_5)
FN:26,(anonymous_6)
FNF:2
FNH:2
FNDA:4,(anonymous_5)
FNDA:5,(anonymous_6)
DA:1,2
DA:3,2
DA:17,2
DA:20,4
DA:23,4
DA:27,5
DA:29,5
DA:30,1
DA:33,4
DA:35,4
DA:41,4
DA:45,2
LF:12
LH:12
BRDA:29,0,0,1
BRDA:29,0,1,4
BRF:2
BRH:2
end_of_record
TN:
SF:src/modules/users/services/UpdateUserAvatarService.ts
FN:16,(anonymous_5)
FN:24,(anonymous_6)
FNF:2
FNH:2
FNDA:3,(anonymous_5)
FNDA:4,(anonymous_6)
DA:1,1
DA:3,1
DA:15,1
DA:18,3
DA:21,3
DA:25,4
DA:27,4
DA:28,1
DA:31,3
DA:32,1
DA:35,3
DA:37,3
DA:39,3
DA:41,3
DA:45,1
LF:15
LH:15
BRDA:27,0,0,1
BRDA:27,0,1,3
BRDA:31,1,0,1
BRDA:31,1,1,2
BRF:4
BRH:4
end_of_record
